..\\..\\Main.pdb
D:\MU RED CLIENT\MAIN 1.19.74\Main\..\\..\\Main.dll
D:\MU RED CLIENT\MAIN 1.19.74\Main\Release\cl.command.1.tlog
D:\MU RED CLIENT\MAIN 1.19.74\Main\Release\CL.read.1.tlog
D:\MU RED CLIENT\MAIN 1.19.74\Main\Release\CL.write.1.tlog
D:\MU RED CLIENT\MAIN 1.19.74\MAIN\RELEASE\DLLMAIN.OBJ
D:\MU RED CLIENT\MAIN 1.19.74\Main\Release\link.command.1.tlog
D:\MU RED CLIENT\MAIN 1.19.74\Main\Release\link.read.1.tlog
D:\MU RED CLIENT\MAIN 1.19.74\Main\Release\link.write.1.tlog
D:\MU RED CLIENT\MAIN 1.19.74\Main\Release\link-cvtres.read.1.tlog
D:\MU RED CLIENT\MAIN 1.19.74\Main\Release\link-cvtres.write.1.tlog
D:\MU RED CLIENT\MAIN 1.19.74\MAIN\RELEASE\MAIN.DLL.INTERMEDIATE.MANIFEST
D:\MU RED CLIENT\MAIN 1.19.74\MAIN\RELEASE\MAIN.PCH
D:\MU RED CLIENT\MAIN 1.19.74\MAIN\RELEASE\MAIN.RES
D:\MU RED CLIENT\MAIN 1.19.74\Main\Release\Main.write.1.tlog
D:\MU RED CLIENT\MAIN 1.19.74\Main\Release\mt.command.1.tlog
D:\MU RED CLIENT\MAIN 1.19.74\Main\Release\mt.read.1.tlog
D:\MU RED CLIENT\MAIN 1.19.74\Main\Release\mt.write.1.tlog
D:\MU RED CLIENT\MAIN 1.19.74\Main\Release\rc.command.1.tlog
D:\MU RED CLIENT\MAIN 1.19.74\Main\Release\rc.read.1.tlog
D:\MU RED CLIENT\MAIN 1.19.74\Main\Release\rc.write.1.tlog
D:\MU RED CLIENT\MAIN 1.19.74\MAIN\RELEASE\STDAFX.OBJ
D:\MU RED CLIENT\MAIN 1.19.74\MAIN\RELEASE\UTIL.OBJ
D:\MU RED CLIENT\MAIN 1.19.74\MAIN\RELEASE\VC100.PDB
D:\MU RED CLIENT\MAIN.DLL
D:\MU RED CLIENT\Main.exp
D:\MU RED CLIENT\Main.lib
D:\MU RED CLIENT\MAIN.PDB
